2013-11-30 00:28:27 Error: Fatal Error (1): Call to undefined function json_encode() in [/opt/anvil/lib/Cake/View/Helper.php, line 515]
2013-11-30 00:28:27 Error: [FatalErrorException] Call to undefined function json_encode()
Request URL: /admin/users
Stack Trace:
#0 /opt/anvil/lib/Cake/Error/ErrorHandler.php(203): ErrorHandler::handleFatalError(1, 'Call to undefin...', '/opt/anvil/lib/...', 515)
#1 [internal function]: ErrorHandler::handleError(1, 'Call to undefin...', '/opt/anvil/lib/...', 515, Array)
#2 /opt/anvil/lib/Cake/Core/App.php(929): call_user_func('ErrorHandler::h...', 1, 'Call to undefin...', '/opt/anvil/lib/...', 515, Array)
#3 /opt/anvil/lib/Cake/Core/App.php(902): App::_checkFatalError()
#4 [internal function]: App::shutdown()
#5 {main}
2013-11-30 00:37:17 Error: [PDOException] SQLSTATE[42S22]: Column not found: 1054 Unknown column 'Grade.enrollment_id' in 'on clause'
Request URL: /admin/enrollments
Stack Trace:
#0 /opt/anvil/lib/Cake/Model/Datasource/DboSource.php(458): PDOStatement->execute(Array)
#1 /opt/anvil/lib/Cake/Model/Datasource/DboSource.php(424): DboSource->_execute('SELECT `Enrollm...', Array)
#2 /opt/anvil/lib/Cake/Model/Datasource/DboSource.php(664): DboSource->execute('SELECT `Enrollm...', Array, Array)
#3 /opt/anvil/lib/Cake/Model/Datasource/DboSource.php(1076): DboSource->fetchAll('SELECT `Enrollm...', false)
#4 /opt/anvil/lib/Cake/Model/Model.php(2897): DboSource->read(Object(Enrollment), Array)
#5 /opt/anvil/lib/Cake/Model/Model.php(2869): Model->_readDataSource('all', Array)
#6 /opt/anvil/lib/Cake/Controller/Component/PaginatorComponent.php(196): Model->find('all', Array)
#7 /opt/anvil/lib/Cake/Controller/Controller.php(1079): PaginatorComponent->paginate(NULL, Array, Array)
#8 /opt/anvil/lib/Cake/Controller/Scaffold.php(190): Controller->paginate()
#9 /opt/anvil/lib/Cake/Controller/Scaffold.php(384): Scaffold->_scaffoldIndex(Object(CakeRequest))
#10 /opt/anvil/lib/Cake/Controller/Scaffold.php(151): Scaffold->_scaffold(Object(CakeRequest))
#11 /opt/anvil/lib/Cake/Controller/Controller.php(535): Scaffold->__construct(Object(EnrollmentsController), Object(CakeRequest))
#12 /opt/anvil/lib/Cake/Controller/Controller.php(494): Controller->_getScaffold(Object(CakeRequest))
#13 /opt/anvil/lib/Cake/Routing/Dispatcher.php(185): Controller->invokeAction(Object(CakeRequest))
#14 /opt/anvil/lib/Cake/Routing/Dispatcher.php(160): Dispatcher->_invoke(Object(EnrollmentsController), Object(CakeRequest), Object(CakeResponse))
#15 /opt/anvil/app/webroot/index.php(108): Dispatcher->dispatch(Object(CakeRequest), Object(CakeResponse))
#16 {main}
2013-11-30 00:41:06 Error: [MissingControllerException] Controller class Enrollments.jsonController could not be found.
Exception Attributes: array (
  'class' => 'Enrollments.jsonController',
  'plugin' => NULL,
)
Request URL: /enrollments.json
Stack Trace:
#0 /opt/anvil/app/webroot/index.php(108): Dispatcher->dispatch(Object(CakeRequest), Object(CakeResponse))
#1 {main}
2013-11-30 00:41:19 Error: [MissingActionException] Action Enrollments::index.json() could not be found.
Exception Attributes: array (
  'controller' => 'Enrollments',
  'action' => 'index.json',
)
Request URL: /enrollments/index.json
Stack Trace:
#0 /opt/anvil/lib/Cake/Controller/Scaffold.php(151): Scaffold->_scaffold(Object(CakeRequest))
#1 /opt/anvil/lib/Cake/Controller/Controller.php(535): Scaffold->__construct(Object(EnrollmentsController), Object(CakeRequest))
#2 /opt/anvil/lib/Cake/Controller/Controller.php(494): Controller->_getScaffold(Object(CakeRequest))
#3 /opt/anvil/lib/Cake/Routing/Dispatcher.php(185): Controller->invokeAction(Object(CakeRequest))
#4 /opt/anvil/lib/Cake/Routing/Dispatcher.php(160): Dispatcher->_invoke(Object(EnrollmentsController), Object(CakeRequest), Object(CakeResponse))
#5 /opt/anvil/app/webroot/index.php(108): Dispatcher->dispatch(Object(CakeRequest), Object(CakeResponse))
#6 {main}
2013-11-30 01:07:30 Error: [MissingControllerException] Controller class RolesController could not be found.
Exception Attributes: array (
  'class' => 'RolesController',
  'plugin' => NULL,
)
Request URL: /admin/roles
Stack Trace:
#0 /opt/anvil/app/webroot/index.php(108): Dispatcher->dispatch(Object(CakeRequest), Object(CakeResponse))
#1 {main}
2013-11-30 01:23:31 Error: [PDOException] SQLSTATE[42S22]: Column not found: 1054 Unknown column 'Section.type.code' in 'field list'
Request URL: /admin/users/add
Stack Trace:
#0 /opt/anvil/lib/Cake/Model/Datasource/DboSource.php(458): PDOStatement->execute(Array)
#1 /opt/anvil/lib/Cake/Model/Datasource/DboSource.php(424): DboSource->_execute('SELECT `Section...', Array)
#2 /opt/anvil/lib/Cake/Model/Datasource/DboSource.php(664): DboSource->execute('SELECT `Section...', Array, Array)
#3 /opt/anvil/lib/Cake/Model/Datasource/DboSource.php(1076): DboSource->fetchAll('SELECT `Section...', false)
#4 /opt/anvil/lib/Cake/Model/Model.php(2897): DboSource->read(Object(Section), Array)
#5 /opt/anvil/lib/Cake/Model/Model.php(2869): Model->_readDataSource('list', Array)
#6 /opt/anvil/lib/Cake/Controller/Scaffold.php(275): Model->find('list')
#7 /opt/anvil/lib/Cake/Controller/Scaffold.php(391): Scaffold->_scaffoldSave(Object(CakeRequest), 'add')
#8 /opt/anvil/lib/Cake/Controller/Scaffold.php(151): Scaffold->_scaffold(Object(CakeRequest))
#9 /opt/anvil/lib/Cake/Controller/Controller.php(535): Scaffold->__construct(Object(UsersController), Object(CakeRequest))
#10 /opt/anvil/lib/Cake/Controller/Controller.php(494): Controller->_getScaffold(Object(CakeRequest))
#11 /opt/anvil/lib/Cake/Routing/Dispatcher.php(185): Controller->invokeAction(Object(CakeRequest))
#12 /opt/anvil/lib/Cake/Routing/Dispatcher.php(160): Dispatcher->_invoke(Object(UsersController), Object(CakeRequest), Object(CakeResponse))
#13 /opt/anvil/app/webroot/index.php(108): Dispatcher->dispatch(Object(CakeRequest), Object(CakeResponse))
#14 {main}
2013-11-30 01:24:18 Error: [PDOException] SQLSTATE[42S22]: Column not found: 1054 Unknown column 'Section.type' in 'field list'
Request URL: /admin/users/add
Stack Trace:
#0 /opt/anvil/lib/Cake/Model/Datasource/DboSource.php(458): PDOStatement->execute(Array)
#1 /opt/anvil/lib/Cake/Model/Datasource/DboSource.php(424): DboSource->_execute('SELECT `Section...', Array)
#2 /opt/anvil/lib/Cake/Model/Datasource/DboSource.php(664): DboSource->execute('SELECT `Section...', Array, Array)
#3 /opt/anvil/lib/Cake/Model/Datasource/DboSource.php(1076): DboSource->fetchAll('SELECT `Section...', false)
#4 /opt/anvil/lib/Cake/Model/Model.php(2897): DboSource->read(Object(Section), Array)
#5 /opt/anvil/lib/Cake/Model/Model.php(2869): Model->_readDataSource('list', Array)
#6 /opt/anvil/lib/Cake/Controller/Scaffold.php(275): Model->find('list')
#7 /opt/anvil/lib/Cake/Controller/Scaffold.php(391): Scaffold->_scaffoldSave(Object(CakeRequest), 'add')
#8 /opt/anvil/lib/Cake/Controller/Scaffold.php(151): Scaffold->_scaffold(Object(CakeRequest))
#9 /opt/anvil/lib/Cake/Controller/Controller.php(535): Scaffold->__construct(Object(UsersController), Object(CakeRequest))
#10 /opt/anvil/lib/Cake/Controller/Controller.php(494): Controller->_getScaffold(Object(CakeRequest))
#11 /opt/anvil/lib/Cake/Routing/Dispatcher.php(185): Controller->invokeAction(Object(CakeRequest))
#12 /opt/anvil/lib/Cake/Routing/Dispatcher.php(160): Dispatcher->_invoke(Object(UsersController), Object(CakeRequest), Object(CakeResponse))
#13 /opt/anvil/app/webroot/index.php(108): Dispatcher->dispatch(Object(CakeRequest), Object(CakeResponse))
#14 {main}
2013-11-30 01:25:06 Error: [PDOException] SQLSTATE[42S22]: Column not found: 1054 Unknown column 'Section.section_type_id.code' in 'field list'
Request URL: /admin/users/add
Stack Trace:
#0 /opt/anvil/lib/Cake/Model/Datasource/DboSource.php(458): PDOStatement->execute(Array)
#1 /opt/anvil/lib/Cake/Model/Datasource/DboSource.php(424): DboSource->_execute('SELECT `Section...', Array)
#2 /opt/anvil/lib/Cake/Model/Datasource/DboSource.php(664): DboSource->execute('SELECT `Section...', Array, Array)
#3 /opt/anvil/lib/Cake/Model/Datasource/DboSource.php(1076): DboSource->fetchAll('SELECT `Section...', false)
#4 /opt/anvil/lib/Cake/Model/Model.php(2897): DboSource->read(Object(Section), Array)
#5 /opt/anvil/lib/Cake/Model/Model.php(2869): Model->_readDataSource('list', Array)
#6 /opt/anvil/lib/Cake/Controller/Scaffold.php(275): Model->find('list')
#7 /opt/anvil/lib/Cake/Controller/Scaffold.php(391): Scaffold->_scaffoldSave(Object(CakeRequest), 'add')
#8 /opt/anvil/lib/Cake/Controller/Scaffold.php(151): Scaffold->_scaffold(Object(CakeRequest))
#9 /opt/anvil/lib/Cake/Controller/Controller.php(535): Scaffold->__construct(Object(UsersController), Object(CakeRequest))
#10 /opt/anvil/lib/Cake/Controller/Controller.php(494): Controller->_getScaffold(Object(CakeRequest))
#11 /opt/anvil/lib/Cake/Routing/Dispatcher.php(185): Controller->invokeAction(Object(CakeRequest))
#12 /opt/anvil/lib/Cake/Routing/Dispatcher.php(160): Dispatcher->_invoke(Object(UsersController), Object(CakeRequest), Object(CakeResponse))
#13 /opt/anvil/app/webroot/index.php(108): Dispatcher->dispatch(Object(CakeRequest), Object(CakeResponse))
#14 {main}
2013-11-30 01:45:00 Error: Fatal Error (1): Call to a member function find() on a non-object in [/opt/anvil/app/Controller/AppController.php, line 37]
2013-11-30 01:45:00 Error: [FatalErrorException] Call to a member function find() on a non-object
Request URL: /assignments.json
Stack Trace:
#0 /opt/anvil/lib/Cake/Error/ErrorHandler.php(203): ErrorHandler::handleFatalError(1, 'Call to a membe...', '/opt/anvil/app/...', 37)
#1 [internal function]: ErrorHandler::handleError(1, 'Call to a membe...', '/opt/anvil/app/...', 37, Array)
#2 /opt/anvil/lib/Cake/Core/App.php(929): call_user_func('ErrorHandler::h...', 1, 'Call to a membe...', '/opt/anvil/app/...', 37, Array)
#3 /opt/anvil/lib/Cake/Core/App.php(902): App::_checkFatalError()
#4 [internal function]: App::shutdown()
#5 {main}
2013-11-30 01:46:25 Error: [MissingControllerException] Controller class UserController could not be found.
Exception Attributes: array (
  'class' => 'UserController',
  'plugin' => NULL,
)
Request URL: /user.json
Stack Trace:
#0 /opt/anvil/app/webroot/index.php(108): Dispatcher->dispatch(Object(CakeRequest), Object(CakeResponse))
#1 {main}
2013-11-30 01:46:42 Error: Fatal Error (4): syntax error, unexpected '$this' (T_VARIABLE) in [/opt/anvil/app/Controller/UsersController.php, line 11]
2013-11-30 01:46:42 Error: [FatalErrorException] syntax error, unexpected '$this' (T_VARIABLE)
Request URL: /users.json
Stack Trace:
#0 /opt/anvil/lib/Cake/Error/ErrorHandler.php(203): ErrorHandler::handleFatalError(4, 'syntax error, u...', '/opt/anvil/app/...', 11)
#1 [internal function]: ErrorHandler::handleError(4, 'syntax error, u...', '/opt/anvil/app/...', 11, Array)
#2 /opt/anvil/lib/Cake/Core/App.php(929): call_user_func('ErrorHandler::h...', 4, 'syntax error, u...', '/opt/anvil/app/...', 11, Array)
#3 /opt/anvil/lib/Cake/Core/App.php(902): App::_checkFatalError()
#4 [internal function]: App::shutdown()
#5 {main}
2013-11-30 01:47:58 Error: Fatal Error (4): syntax error, unexpected '__construct' (T_STRING), expecting variable (T_VARIABLE) in [/opt/anvil/app/Controller/UsersController.php, line 11]
2013-11-30 01:47:58 Error: [FatalErrorException] syntax error, unexpected '__construct' (T_STRING), expecting variable (T_VARIABLE)
Request URL: /users.json
Stack Trace:
#0 /opt/anvil/lib/Cake/Error/ErrorHandler.php(203): ErrorHandler::handleFatalError(4, 'syntax error, u...', '/opt/anvil/app/...', 11)
#1 [internal function]: ErrorHandler::handleError(4, 'syntax error, u...', '/opt/anvil/app/...', 11, Array)
#2 /opt/anvil/lib/Cake/Core/App.php(929): call_user_func('ErrorHandler::h...', 4, 'syntax error, u...', '/opt/anvil/app/...', 11, Array)
#3 /opt/anvil/lib/Cake/Core/App.php(902): App::_checkFatalError()
#4 [internal function]: App::shutdown()
#5 {main}
2013-11-30 01:48:23 Error: Fatal Error (1): Call to a member function init() on a non-object in [/opt/anvil/lib/Cake/Controller/Controller.php, line 643]
2013-11-30 01:48:23 Error: [FatalErrorException] Call to a member function init() on a non-object
Request URL: /users.json
Stack Trace:
#0 /opt/anvil/lib/Cake/Error/ErrorHandler.php(203): ErrorHandler::handleFatalError(1, 'Call to a membe...', '/opt/anvil/lib/...', 643)
#1 [internal function]: ErrorHandler::handleError(1, 'Call to a membe...', '/opt/anvil/lib/...', 643, Array)
#2 /opt/anvil/lib/Cake/Core/App.php(929): call_user_func('ErrorHandler::h...', 1, 'Call to a membe...', '/opt/anvil/lib/...', 643, Array)
#3 /opt/anvil/lib/Cake/Core/App.php(902): App::_checkFatalError()
#4 [internal function]: App::shutdown()
#5 {main}
2013-11-30 01:51:16 Error: [MissingViewException] View file "/opt/anvil/app/View/Users/index.ctp" is missing.
Exception Attributes: array (
  'file' => '/opt/anvil/app/View/Users/index.ctp',
)
Request URL: /users.json
Stack Trace:
#0 /opt/anvil/lib/Cake/View/View.php(457): View->_getViewFileName(NULL)
#1 /opt/anvil/lib/Cake/Controller/Controller.php(952): View->render(NULL, NULL)
#2 /opt/anvil/lib/Cake/Routing/Dispatcher.php(192): Controller->render()
#3 /opt/anvil/lib/Cake/Routing/Dispatcher.php(160): Dispatcher->_invoke(Object(UsersController), Object(CakeRequest), Object(CakeResponse))
#4 /opt/anvil/app/webroot/index.php(108): Dispatcher->dispatch(Object(CakeRequest), Object(CakeResponse))
#5 {main}
2013-11-30 01:53:30 Error: [MissingLayoutException] Layout file "/opt/anvil/app/View/Layouts/json/default.ctp" is missing.
Exception Attributes: array (
  'file' => '/opt/anvil/app/View/Layouts/json/default.ctp',
)
Request URL: /admin/users.json
Stack Trace:
#0 /opt/anvil/lib/Cake/View/View.php(498): View->_getLayoutFileName('default')
#1 /opt/anvil/lib/Cake/View/View.php(468): View->renderLayout('', 'default')
#2 /opt/anvil/lib/Cake/Controller/Controller.php(952): View->render('index', 'default')
#3 /opt/anvil/lib/Cake/Controller/Scaffold.php(192): Controller->render('index', 'default')
#4 /opt/anvil/lib/Cake/Controller/Scaffold.php(384): Scaffold->_scaffoldIndex(Object(CakeRequest))
#5 /opt/anvil/lib/Cake/Controller/Scaffold.php(151): Scaffold->_scaffold(Object(CakeRequest))
#6 /opt/anvil/lib/Cake/Controller/Controller.php(535): Scaffold->__construct(Object(UsersController), Object(CakeRequest))
#7 /opt/anvil/lib/Cake/Controller/Controller.php(494): Controller->_getScaffold(Object(CakeRequest))
#8 /opt/anvil/lib/Cake/Routing/Dispatcher.php(185): Controller->invokeAction(Object(CakeRequest))
#9 /opt/anvil/lib/Cake/Routing/Dispatcher.php(160): Dispatcher->_invoke(Object(UsersController), Object(CakeRequest), Object(CakeResponse))
#10 /opt/anvil/app/webroot/index.php(108): Dispatcher->dispatch(Object(CakeRequest), Object(CakeResponse))
#11 {main}
2013-11-30 01:54:41 Error: [MissingLayoutException] Layout file "/opt/anvil/app/View/Layouts/json/default.ctp" is missing.
Exception Attributes: array (
  'file' => '/opt/anvil/app/View/Layouts/json/default.ctp',
)
Request URL: /admin/users.json
Stack Trace:
#0 /opt/anvil/lib/Cake/View/View.php(498): View->_getLayoutFileName('default')
#1 /opt/anvil/lib/Cake/View/View.php(468): View->renderLayout('', 'default')
#2 /opt/anvil/lib/Cake/Controller/Controller.php(952): View->render('index', 'default')
#3 /opt/anvil/lib/Cake/Controller/Scaffold.php(192): Controller->render('index', 'default')
#4 /opt/anvil/lib/Cake/Controller/Scaffold.php(384): Scaffold->_scaffoldIndex(Object(CakeRequest))
#5 /opt/anvil/lib/Cake/Controller/Scaffold.php(151): Scaffold->_scaffold(Object(CakeRequest))
#6 /opt/anvil/lib/Cake/Controller/Controller.php(535): Scaffold->__construct(Object(UsersController), Object(CakeRequest))
#7 /opt/anvil/lib/Cake/Controller/Controller.php(494): Controller->_getScaffold(Object(CakeRequest))
#8 /opt/anvil/lib/Cake/Routing/Dispatcher.php(185): Controller->invokeAction(Object(CakeRequest))
#9 /opt/anvil/lib/Cake/Routing/Dispatcher.php(160): Dispatcher->_invoke(Object(UsersController), Object(CakeRequest), Object(CakeResponse))
#10 /opt/anvil/app/webroot/index.php(108): Dispatcher->dispatch(Object(CakeRequest), Object(CakeResponse))
#11 {main}
2013-11-30 01:54:48 Error: [MissingLayoutException] Layout file "/opt/anvil/app/View/Layouts/json/default.ctp" is missing.
Exception Attributes: array (
  'file' => '/opt/anvil/app/View/Layouts/json/default.ctp',
)
Request URL: /admin/users.json
Stack Trace:
#0 /opt/anvil/lib/Cake/View/View.php(498): View->_getLayoutFileName('default')
#1 /opt/anvil/lib/Cake/View/View.php(468): View->renderLayout('', 'default')
#2 /opt/anvil/lib/Cake/Controller/Controller.php(952): View->render('index', 'default')
#3 /opt/anvil/lib/Cake/Controller/Scaffold.php(192): Controller->render('index', 'default')
#4 /opt/anvil/lib/Cake/Controller/Scaffold.php(384): Scaffold->_scaffoldIndex(Object(CakeRequest))
#5 /opt/anvil/lib/Cake/Controller/Scaffold.php(151): Scaffold->_scaffold(Object(CakeRequest))
#6 /opt/anvil/lib/Cake/Controller/Controller.php(535): Scaffold->__construct(Object(UsersController), Object(CakeRequest))
#7 /opt/anvil/lib/Cake/Controller/Controller.php(494): Controller->_getScaffold(Object(CakeRequest))
#8 /opt/anvil/lib/Cake/Routing/Dispatcher.php(185): Controller->invokeAction(Object(CakeRequest))
#9 /opt/anvil/lib/Cake/Routing/Dispatcher.php(160): Dispatcher->_invoke(Object(UsersController), Object(CakeRequest), Object(CakeResponse))
#10 /opt/anvil/app/webroot/index.php(108): Dispatcher->dispatch(Object(CakeRequest), Object(CakeResponse))
#11 {main}
2013-11-30 16:58:47 Error: [MissingPluginException] Plugin RequestHandler, DebugKit could not be found.
Exception Attributes: array (
  'plugin' => 'RequestHandler, DebugKit',
)
Request URL: /users.json
Stack Trace:
#0 /opt/anvil/lib/Cake/Core/App.php(365): CakePlugin::path('RequestHandler,...')
#1 /opt/anvil/lib/Cake/Core/App.php(226): App::pluginPath('RequestHandler,...')
#2 /opt/anvil/lib/Cake/Core/App.php(547): App::path('Controller/Comp...', 'RequestHandler,...')
#3 [internal function]: App::load('ToolbarComponen...')
#4 [internal function]: spl_autoload_call('ToolbarComponen...')
#5 /opt/anvil/lib/Cake/Controller/ComponentCollection.php(110): class_exists('ToolbarComponen...')
#6 /opt/anvil/lib/Cake/Controller/ComponentCollection.php(53): ComponentCollection->load('RequestHandler,...', Array)
#7 /opt/anvil/lib/Cake/Controller/Controller.php(643): ComponentCollection->init(Object(UsersController))
#8 /opt/anvil/lib/Cake/Routing/Dispatcher.php(181): Controller->constructClasses()
#9 /opt/anvil/lib/Cake/Routing/Dispatcher.php(160): Dispatcher->_invoke(Object(UsersController), Object(CakeRequest), Object(CakeResponse))
#10 /opt/anvil/app/webroot/index.php(108): Dispatcher->dispatch(Object(CakeRequest), Object(CakeResponse))
#11 {main}
2013-11-30 16:59:20 Error: [MissingViewException] View file "/opt/anvil/app/View/Users/index.ctp" is missing.
Exception Attributes: array (
  'file' => '/opt/anvil/app/View/Users/index.ctp',
)
Request URL: /users
Stack Trace:
#0 /opt/anvil/lib/Cake/View/View.php(457): View->_getViewFileName(NULL)
#1 /opt/anvil/lib/Cake/Controller/Controller.php(952): View->render(NULL, NULL)
#2 /opt/anvil/lib/Cake/Routing/Dispatcher.php(192): Controller->render()
#3 /opt/anvil/lib/Cake/Routing/Dispatcher.php(160): Dispatcher->_invoke(Object(UsersController), Object(CakeRequest), Object(CakeResponse))
#4 /opt/anvil/app/webroot/index.php(108): Dispatcher->dispatch(Object(CakeRequest), Object(CakeResponse))
#5 {main}
2013-11-30 16:59:40 Error: [MissingLayoutException] Layout file "/opt/anvil/app/View/Layouts/json/default.ctp" is missing.
Exception Attributes: array (
  'file' => '/opt/anvil/app/View/Layouts/json/default.ctp',
)
Request URL: /admin/users.json
Stack Trace:
#0 /opt/anvil/lib/Cake/View/View.php(498): View->_getLayoutFileName('default')
#1 /opt/anvil/lib/Cake/View/View.php(468): View->renderLayout('', 'default')
#2 /opt/anvil/lib/Cake/Controller/Controller.php(952): View->render('index', 'default')
#3 /opt/anvil/lib/Cake/Controller/Scaffold.php(192): Controller->render('index', 'default')
#4 /opt/anvil/lib/Cake/Controller/Scaffold.php(384): Scaffold->_scaffoldIndex(Object(CakeRequest))
#5 /opt/anvil/lib/Cake/Controller/Scaffold.php(151): Scaffold->_scaffold(Object(CakeRequest))
#6 /opt/anvil/lib/Cake/Controller/Controller.php(535): Scaffold->__construct(Object(UsersController), Object(CakeRequest))
#7 /opt/anvil/lib/Cake/Controller/Controller.php(494): Controller->_getScaffold(Object(CakeRequest))
#8 /opt/anvil/lib/Cake/Routing/Dispatcher.php(185): Controller->invokeAction(Object(CakeRequest))
#9 /opt/anvil/lib/Cake/Routing/Dispatcher.php(160): Dispatcher->_invoke(Object(UsersController), Object(CakeRequest), Object(CakeResponse))
#10 /opt/anvil/app/webroot/index.php(108): Dispatcher->dispatch(Object(CakeRequest), Object(CakeResponse))
#11 {main}
2013-11-30 17:01:40 Error: [Exception] String could not be parsed as XML
Request URL: /users.xml
Stack Trace:
#0 /opt/anvil/lib/Cake/Utility/Xml.php(221): SimpleXMLElement->__construct('<?xml version="...')
#1 /opt/anvil/lib/Cake/View/XmlView.php(137): Xml::fromArray(Array, Array)
#2 /opt/anvil/lib/Cake/View/XmlView.php(101): XmlView->_serialize(Array)
#3 /opt/anvil/lib/Cake/Controller/Controller.php(952): XmlView->render(NULL, NULL)
#4 /opt/anvil/lib/Cake/Routing/Dispatcher.php(192): Controller->render()
#5 /opt/anvil/lib/Cake/Routing/Dispatcher.php(160): Dispatcher->_invoke(Object(UsersController), Object(CakeRequest), Object(CakeResponse))
#6 /opt/anvil/app/webroot/index.php(108): Dispatcher->dispatch(Object(CakeRequest), Object(CakeResponse))
#7 {main}
2013-11-30 17:08:05 Error: Fatal Error (4): syntax error, unexpected '=>' (T_DOUBLE_ARROW) in [/opt/anvil/app/Controller/AppController.php, line 40]
2013-11-30 17:08:05 Error: [FatalErrorException] syntax error, unexpected '=>' (T_DOUBLE_ARROW)
Request URL: /users.json
Stack Trace:
#0 /opt/anvil/lib/Cake/Error/ErrorHandler.php(203): ErrorHandler::handleFatalError(4, 'syntax error, u...', '/opt/anvil/app/...', 40)
#1 [internal function]: ErrorHandler::handleError(4, 'syntax error, u...', '/opt/anvil/app/...', 40, Array)
#2 /opt/anvil/lib/Cake/Core/App.php(929): call_user_func('ErrorHandler::h...', 4, 'syntax error, u...', '/opt/anvil/app/...', 40, Array)
#3 /opt/anvil/lib/Cake/Core/App.php(902): App::_checkFatalError()
#4 [internal function]: App::shutdown()
#5 {main}
2013-11-30 17:10:09 Error: [Exception] String could not be parsed as XML
Request URL: /users.xml
Stack Trace:
#0 /opt/anvil/lib/Cake/Utility/Xml.php(221): SimpleXMLElement->__construct('<?xml version="...')
#1 /opt/anvil/lib/Cake/View/XmlView.php(137): Xml::fromArray(Array, Array)
#2 /opt/anvil/lib/Cake/View/XmlView.php(101): XmlView->_serialize(Array)
#3 /opt/anvil/lib/Cake/Controller/Controller.php(952): XmlView->render(NULL, NULL)
#4 /opt/anvil/lib/Cake/Routing/Dispatcher.php(192): Controller->render()
#5 /opt/anvil/lib/Cake/Routing/Dispatcher.php(160): Dispatcher->_invoke(Object(UsersController), Object(CakeRequest), Object(CakeResponse))
#6 /opt/anvil/app/webroot/index.php(108): Dispatcher->dispatch(Object(CakeRequest), Object(CakeResponse))
#7 {main}
2013-11-30 17:16:31 Error: [Exception] String could not be parsed as XML
Request URL: /users.xml
Stack Trace:
#0 /opt/anvil/lib/Cake/Utility/Xml.php(221): SimpleXMLElement->__construct('<?xml version="...')
#1 /opt/anvil/lib/Cake/View/XmlView.php(137): Xml::fromArray(Array, Array)
#2 /opt/anvil/lib/Cake/View/XmlView.php(101): XmlView->_serialize(Array)
#3 /opt/anvil/lib/Cake/Controller/Controller.php(952): XmlView->render(NULL, NULL)
#4 /opt/anvil/lib/Cake/Routing/Dispatcher.php(192): Controller->render()
#5 /opt/anvil/lib/Cake/Routing/Dispatcher.php(160): Dispatcher->_invoke(Object(UsersController), Object(CakeRequest), Object(CakeResponse))
#6 /opt/anvil/app/webroot/index.php(108): Dispatcher->dispatch(Object(CakeRequest), Object(CakeResponse))
#7 {main}
2013-11-30 17:33:24 Error: [Exception] String could not be parsed as XML
Request URL: /users.xml
Stack Trace:
#0 /opt/anvil/lib/Cake/Utility/Xml.php(221): SimpleXMLElement->__construct('<?xml version="...')
#1 /opt/anvil/lib/Cake/View/XmlView.php(137): Xml::fromArray(Array, Array)
#2 /opt/anvil/lib/Cake/View/XmlView.php(101): XmlView->_serialize(Array)
#3 /opt/anvil/lib/Cake/Controller/Controller.php(952): XmlView->render(NULL, NULL)
#4 /opt/anvil/lib/Cake/Routing/Dispatcher.php(192): Controller->render()
#5 /opt/anvil/lib/Cake/Routing/Dispatcher.php(160): Dispatcher->_invoke(Object(UsersController), Object(CakeRequest), Object(CakeResponse))
#6 /opt/anvil/app/webroot/index.php(108): Dispatcher->dispatch(Object(CakeRequest), Object(CakeResponse))
#7 {main}
2013-11-30 17:39:15 Error: [Exception] String could not be parsed as XML
Request URL: /users.xml
Stack Trace:
#0 /opt/anvil/lib/Cake/Utility/Xml.php(221): SimpleXMLElement->__construct('<?xml version="...')
#1 /opt/anvil/lib/Cake/View/XmlView.php(137): Xml::fromArray(Array, Array)
#2 /opt/anvil/lib/Cake/View/XmlView.php(101): XmlView->_serialize(Array)
#3 /opt/anvil/lib/Cake/Controller/Controller.php(952): XmlView->render(NULL, NULL)
#4 /opt/anvil/lib/Cake/Routing/Dispatcher.php(192): Controller->render()
#5 /opt/anvil/lib/Cake/Routing/Dispatcher.php(160): Dispatcher->_invoke(Object(UsersController), Object(CakeRequest), Object(CakeResponse))
#6 /opt/anvil/app/webroot/index.php(108): Dispatcher->dispatch(Object(CakeRequest), Object(CakeResponse))
#7 {main}
2013-11-30 17:39:17 Error: [Exception] String could not be parsed as XML
Request URL: /users.xml
Stack Trace:
#0 /opt/anvil/lib/Cake/Utility/Xml.php(221): SimpleXMLElement->__construct('<?xml version="...')
#1 /opt/anvil/lib/Cake/View/XmlView.php(137): Xml::fromArray(Array, Array)
#2 /opt/anvil/lib/Cake/View/XmlView.php(101): XmlView->_serialize(Array)
#3 /opt/anvil/lib/Cake/Controller/Controller.php(952): XmlView->render(NULL, NULL)
#4 /opt/anvil/lib/Cake/Routing/Dispatcher.php(192): Controller->render()
#5 /opt/anvil/lib/Cake/Routing/Dispatcher.php(160): Dispatcher->_invoke(Object(UsersController), Object(CakeRequest), Object(CakeResponse))
#6 /opt/anvil/app/webroot/index.php(108): Dispatcher->dispatch(Object(CakeRequest), Object(CakeResponse))
#7 {main}
2013-11-30 17:41:49 Error: [Exception] String could not be parsed as XML
Request URL: /users.xml
Stack Trace:
#0 /opt/anvil/lib/Cake/Utility/Xml.php(221): SimpleXMLElement->__construct('<?xml version="...')
#1 /opt/anvil/lib/Cake/View/XmlView.php(137): Xml::fromArray(Array, Array)
#2 /opt/anvil/lib/Cake/View/XmlView.php(101): XmlView->_serialize(Array)
#3 /opt/anvil/lib/Cake/Controller/Controller.php(952): XmlView->render(NULL, NULL)
#4 /opt/anvil/lib/Cake/Routing/Dispatcher.php(192): Controller->render()
#5 /opt/anvil/lib/Cake/Routing/Dispatcher.php(160): Dispatcher->_invoke(Object(UsersController), Object(CakeRequest), Object(CakeResponse))
#6 /opt/anvil/app/webroot/index.php(108): Dispatcher->dispatch(Object(CakeRequest), Object(CakeResponse))
#7 {main}
2013-11-30 17:49:44 Error: [Exception] String could not be parsed as XML
Request URL: /users.xml
Stack Trace:
#0 /opt/anvil/lib/Cake/Utility/Xml.php(221): SimpleXMLElement->__construct('<?xml version="...')
#1 /opt/anvil/lib/Cake/View/XmlView.php(137): Xml::fromArray(Array, Array)
#2 /opt/anvil/lib/Cake/View/XmlView.php(101): XmlView->_serialize(Array)
#3 /opt/anvil/lib/Cake/Controller/Controller.php(952): XmlView->render(NULL, NULL)
#4 /opt/anvil/lib/Cake/Routing/Dispatcher.php(192): Controller->render()
#5 /opt/anvil/lib/Cake/Routing/Dispatcher.php(160): Dispatcher->_invoke(Object(UsersController), Object(CakeRequest), Object(CakeResponse))
#6 /opt/anvil/app/webroot/index.php(108): Dispatcher->dispatch(Object(CakeRequest), Object(CakeResponse))
#7 {main}
2013-11-30 17:49:45 Error: [Exception] String could not be parsed as XML
Request URL: /users.xml
Stack Trace:
#0 /opt/anvil/lib/Cake/Utility/Xml.php(221): SimpleXMLElement->__construct('<?xml version="...')
#1 /opt/anvil/lib/Cake/View/XmlView.php(137): Xml::fromArray(Array, Array)
#2 /opt/anvil/lib/Cake/View/XmlView.php(101): XmlView->_serialize(Array)
#3 /opt/anvil/lib/Cake/Controller/Controller.php(952): XmlView->render(NULL, NULL)
#4 /opt/anvil/lib/Cake/Routing/Dispatcher.php(192): Controller->render()
#5 /opt/anvil/lib/Cake/Routing/Dispatcher.php(160): Dispatcher->_invoke(Object(UsersController), Object(CakeRequest), Object(CakeResponse))
#6 /opt/anvil/app/webroot/index.php(108): Dispatcher->dispatch(Object(CakeRequest), Object(CakeResponse))
#7 {main}
2013-11-30 17:49:46 Error: [Exception] String could not be parsed as XML
Request URL: /users.xml
Stack Trace:
#0 /opt/anvil/lib/Cake/Utility/Xml.php(221): SimpleXMLElement->__construct('<?xml version="...')
#1 /opt/anvil/lib/Cake/View/XmlView.php(137): Xml::fromArray(Array, Array)
#2 /opt/anvil/lib/Cake/View/XmlView.php(101): XmlView->_serialize(Array)
#3 /opt/anvil/lib/Cake/Controller/Controller.php(952): XmlView->render(NULL, NULL)
#4 /opt/anvil/lib/Cake/Routing/Dispatcher.php(192): Controller->render()
#5 /opt/anvil/lib/Cake/Routing/Dispatcher.php(160): Dispatcher->_invoke(Object(UsersController), Object(CakeRequest), Object(CakeResponse))
#6 /opt/anvil/app/webroot/index.php(108): Dispatcher->dispatch(Object(CakeRequest), Object(CakeResponse))
#7 {main}
2013-11-30 17:49:46 Error: [Exception] String could not be parsed as XML
Request URL: /users.xml
Stack Trace:
#0 /opt/anvil/lib/Cake/Utility/Xml.php(221): SimpleXMLElement->__construct('<?xml version="...')
#1 /opt/anvil/lib/Cake/View/XmlView.php(137): Xml::fromArray(Array, Array)
#2 /opt/anvil/lib/Cake/View/XmlView.php(101): XmlView->_serialize(Array)
#3 /opt/anvil/lib/Cake/Controller/Controller.php(952): XmlView->render(NULL, NULL)
#4 /opt/anvil/lib/Cake/Routing/Dispatcher.php(192): Controller->render()
#5 /opt/anvil/lib/Cake/Routing/Dispatcher.php(160): Dispatcher->_invoke(Object(UsersController), Object(CakeRequest), Object(CakeResponse))
#6 /opt/anvil/app/webroot/index.php(108): Dispatcher->dispatch(Object(CakeRequest), Object(CakeResponse))
#7 {main}
2013-11-30 17:49:47 Error: [Exception] String could not be parsed as XML
Request URL: /users.xml
Stack Trace:
#0 /opt/anvil/lib/Cake/Utility/Xml.php(221): SimpleXMLElement->__construct('<?xml version="...')
#1 /opt/anvil/lib/Cake/View/XmlView.php(137): Xml::fromArray(Array, Array)
#2 /opt/anvil/lib/Cake/View/XmlView.php(101): XmlView->_serialize(Array)
#3 /opt/anvil/lib/Cake/Controller/Controller.php(952): XmlView->render(NULL, NULL)
#4 /opt/anvil/lib/Cake/Routing/Dispatcher.php(192): Controller->render()
#5 /opt/anvil/lib/Cake/Routing/Dispatcher.php(160): Dispatcher->_invoke(Object(UsersController), Object(CakeRequest), Object(CakeResponse))
#6 /opt/anvil/app/webroot/index.php(108): Dispatcher->dispatch(Object(CakeRequest), Object(CakeResponse))
#7 {main}
2013-11-30 17:50:07 Error: [Exception] String could not be parsed as XML
Request URL: /users.xml
Stack Trace:
#0 /opt/anvil/lib/Cake/Utility/Xml.php(221): SimpleXMLElement->__construct('<?xml version="...')
#1 /opt/anvil/lib/Cake/View/XmlView.php(137): Xml::fromArray(Array, Array)
#2 /opt/anvil/lib/Cake/View/XmlView.php(101): XmlView->_serialize(Array)
#3 /opt/anvil/lib/Cake/Controller/Controller.php(952): XmlView->render(NULL, NULL)
#4 /opt/anvil/lib/Cake/Routing/Dispatcher.php(192): Controller->render()
#5 /opt/anvil/lib/Cake/Routing/Dispatcher.php(160): Dispatcher->_invoke(Object(UsersController), Object(CakeRequest), Object(CakeResponse))
#6 /opt/anvil/app/webroot/index.php(108): Dispatcher->dispatch(Object(CakeRequest), Object(CakeResponse))
#7 {main}
2013-11-30 17:59:52 Error: [MissingControllerException] Controller class AdminController could not be found.
Exception Attributes: array (
  'class' => 'AdminController',
  'plugin' => NULL,
)
Request URL: /admin/
Stack Trace:
#0 /opt/anvil/app/webroot/index.php(108): Dispatcher->dispatch(Object(CakeRequest), Object(CakeResponse))
#1 {main}
2013-11-30 18:00:07 Error: [MissingViewException] View file "/opt/anvil/app/View/Sections/json/index.ctp" is missing.
Exception Attributes: array (
  'file' => '/opt/anvil/app/View/Sections/json/index.ctp',
)
Request URL: /sections.json
Stack Trace:
#0 /opt/anvil/lib/Cake/View/JsonView.php(107): View->_getViewFileName(NULL)
#1 /opt/anvil/lib/Cake/Controller/Controller.php(952): JsonView->render(NULL, NULL)
#2 /opt/anvil/lib/Cake/Routing/Dispatcher.php(192): Controller->render()
#3 /opt/anvil/lib/Cake/Routing/Dispatcher.php(160): Dispatcher->_invoke(Object(SectionsController), Object(CakeRequest), Object(CakeResponse))
#4 /opt/anvil/app/webroot/index.php(108): Dispatcher->dispatch(Object(CakeRequest), Object(CakeResponse))
#5 {main}
2013-11-30 18:00:16 Error: [MissingViewException] View file "/opt/anvil/app/View/Sections/xml/index.ctp" is missing.
Exception Attributes: array (
  'file' => '/opt/anvil/app/View/Sections/xml/index.ctp',
)
Request URL: /sections.xml
Stack Trace:
#0 /opt/anvil/lib/Cake/View/XmlView.php(103): View->_getViewFileName(NULL)
#1 /opt/anvil/lib/Cake/Controller/Controller.php(952): XmlView->render(NULL, NULL)
#2 /opt/anvil/lib/Cake/Routing/Dispatcher.php(192): Controller->render()
#3 /opt/anvil/lib/Cake/Routing/Dispatcher.php(160): Dispatcher->_invoke(Object(SectionsController), Object(CakeRequest), Object(CakeResponse))
#4 /opt/anvil/app/webroot/index.php(108): Dispatcher->dispatch(Object(CakeRequest), Object(CakeResponse))
#5 {main}
2013-11-30 18:02:17 Error: [MissingViewException] View file "/opt/anvil/app/View/Sections/xml/index.ctp" is missing.
Exception Attributes: array (
  'file' => '/opt/anvil/app/View/Sections/xml/index.ctp',
)
Request URL: /sections.xml
Stack Trace:
#0 /opt/anvil/lib/Cake/View/XmlView.php(103): View->_getViewFileName(NULL)
#1 /opt/anvil/lib/Cake/Controller/Controller.php(952): XmlView->render(NULL, NULL)
#2 /opt/anvil/lib/Cake/Routing/Dispatcher.php(192): Controller->render()
#3 /opt/anvil/lib/Cake/Routing/Dispatcher.php(160): Dispatcher->_invoke(Object(SectionsController), Object(CakeRequest), Object(CakeResponse))
#4 /opt/anvil/app/webroot/index.php(108): Dispatcher->dispatch(Object(CakeRequest), Object(CakeResponse))
#5 {main}
2013-11-30 18:02:18 Error: [MissingViewException] View file "/opt/anvil/app/View/Sections/xml/index.ctp" is missing.
Exception Attributes: array (
  'file' => '/opt/anvil/app/View/Sections/xml/index.ctp',
)
Request URL: /sections.xml
Stack Trace:
#0 /opt/anvil/lib/Cake/View/XmlView.php(103): View->_getViewFileName(NULL)
#1 /opt/anvil/lib/Cake/Controller/Controller.php(952): XmlView->render(NULL, NULL)
#2 /opt/anvil/lib/Cake/Routing/Dispatcher.php(192): Controller->render()
#3 /opt/anvil/lib/Cake/Routing/Dispatcher.php(160): Dispatcher->_invoke(Object(SectionsController), Object(CakeRequest), Object(CakeResponse))
#4 /opt/anvil/app/webroot/index.php(108): Dispatcher->dispatch(Object(CakeRequest), Object(CakeResponse))
#5 {main}
2013-11-30 18:02:18 Error: [MissingViewException] View file "/opt/anvil/app/View/Sections/xml/index.ctp" is missing.
Exception Attributes: array (
  'file' => '/opt/anvil/app/View/Sections/xml/index.ctp',
)
Request URL: /sections.xml
Stack Trace:
#0 /opt/anvil/lib/Cake/View/XmlView.php(103): View->_getViewFileName(NULL)
#1 /opt/anvil/lib/Cake/Controller/Controller.php(952): XmlView->render(NULL, NULL)
#2 /opt/anvil/lib/Cake/Routing/Dispatcher.php(192): Controller->render()
#3 /opt/anvil/lib/Cake/Routing/Dispatcher.php(160): Dispatcher->_invoke(Object(SectionsController), Object(CakeRequest), Object(CakeResponse))
#4 /opt/anvil/app/webroot/index.php(108): Dispatcher->dispatch(Object(CakeRequest), Object(CakeResponse))
#5 {main}
2013-11-30 18:02:19 Error: [MissingViewException] View file "/opt/anvil/app/View/Sections/xml/index.ctp" is missing.
Exception Attributes: array (
  'file' => '/opt/anvil/app/View/Sections/xml/index.ctp',
)
Request URL: /sections.xml
Stack Trace:
#0 /opt/anvil/lib/Cake/View/XmlView.php(103): View->_getViewFileName(NULL)
#1 /opt/anvil/lib/Cake/Controller/Controller.php(952): XmlView->render(NULL, NULL)
#2 /opt/anvil/lib/Cake/Routing/Dispatcher.php(192): Controller->render()
#3 /opt/anvil/lib/Cake/Routing/Dispatcher.php(160): Dispatcher->_invoke(Object(SectionsController), Object(CakeRequest), Object(CakeResponse))
#4 /opt/anvil/app/webroot/index.php(108): Dispatcher->dispatch(Object(CakeRequest), Object(CakeResponse))
#5 {main}
2013-11-30 18:02:43 Error: [MissingViewException] View file "/opt/anvil/app/View/Sections/xml/index.ctp" is missing.
Exception Attributes: array (
  'file' => '/opt/anvil/app/View/Sections/xml/index.ctp',
)
Request URL: /sections.xml
Stack Trace:
#0 /opt/anvil/lib/Cake/View/XmlView.php(103): View->_getViewFileName(NULL)
#1 /opt/anvil/lib/Cake/Controller/Controller.php(952): XmlView->render(NULL, NULL)
#2 /opt/anvil/lib/Cake/Routing/Dispatcher.php(192): Controller->render()
#3 /opt/anvil/lib/Cake/Routing/Dispatcher.php(160): Dispatcher->_invoke(Object(SectionsController), Object(CakeRequest), Object(CakeResponse))
#4 /opt/anvil/app/webroot/index.php(108): Dispatcher->dispatch(Object(CakeRequest), Object(CakeResponse))
#5 {main}
2013-11-30 18:02:44 Error: [MissingViewException] View file "/opt/anvil/app/View/Sections/xml/index.ctp" is missing.
Exception Attributes: array (
  'file' => '/opt/anvil/app/View/Sections/xml/index.ctp',
)
Request URL: /sections.xml
Stack Trace:
#0 /opt/anvil/lib/Cake/View/XmlView.php(103): View->_getViewFileName(NULL)
#1 /opt/anvil/lib/Cake/Controller/Controller.php(952): XmlView->render(NULL, NULL)
#2 /opt/anvil/lib/Cake/Routing/Dispatcher.php(192): Controller->render()
#3 /opt/anvil/lib/Cake/Routing/Dispatcher.php(160): Dispatcher->_invoke(Object(SectionsController), Object(CakeRequest), Object(CakeResponse))
#4 /opt/anvil/app/webroot/index.php(108): Dispatcher->dispatch(Object(CakeRequest), Object(CakeResponse))
#5 {main}
2013-11-30 18:02:44 Error: [MissingViewException] View file "/opt/anvil/app/View/Sections/xml/index.ctp" is missing.
Exception Attributes: array (
  'file' => '/opt/anvil/app/View/Sections/xml/index.ctp',
)
Request URL: /sections.xml
Stack Trace:
#0 /opt/anvil/lib/Cake/View/XmlView.php(103): View->_getViewFileName(NULL)
#1 /opt/anvil/lib/Cake/Controller/Controller.php(952): XmlView->render(NULL, NULL)
#2 /opt/anvil/lib/Cake/Routing/Dispatcher.php(192): Controller->render()
#3 /opt/anvil/lib/Cake/Routing/Dispatcher.php(160): Dispatcher->_invoke(Object(SectionsController), Object(CakeRequest), Object(CakeResponse))
#4 /opt/anvil/app/webroot/index.php(108): Dispatcher->dispatch(Object(CakeRequest), Object(CakeResponse))
#5 {main}
2013-11-30 18:02:45 Error: [MissingViewException] View file "/opt/anvil/app/View/Sections/xml/index.ctp" is missing.
Exception Attributes: array (
  'file' => '/opt/anvil/app/View/Sections/xml/index.ctp',
)
Request URL: /sections.xml
Stack Trace:
#0 /opt/anvil/lib/Cake/View/XmlView.php(103): View->_getViewFileName(NULL)
#1 /opt/anvil/lib/Cake/Controller/Controller.php(952): XmlView->render(NULL, NULL)
#2 /opt/anvil/lib/Cake/Routing/Dispatcher.php(192): Controller->render()
#3 /opt/anvil/lib/Cake/Routing/Dispatcher.php(160): Dispatcher->_invoke(Object(SectionsController), Object(CakeRequest), Object(CakeResponse))
#4 /opt/anvil/app/webroot/index.php(108): Dispatcher->dispatch(Object(CakeRequest), Object(CakeResponse))
#5 {main}
2013-11-30 18:02:46 Error: [MissingViewException] View file "/opt/anvil/app/View/Sections/xml/index.ctp" is missing.
Exception Attributes: array (
  'file' => '/opt/anvil/app/View/Sections/xml/index.ctp',
)
Request URL: /sections.xml
Stack Trace:
#0 /opt/anvil/lib/Cake/View/XmlView.php(103): View->_getViewFileName(NULL)
#1 /opt/anvil/lib/Cake/Controller/Controller.php(952): XmlView->render(NULL, NULL)
#2 /opt/anvil/lib/Cake/Routing/Dispatcher.php(192): Controller->render()
#3 /opt/anvil/lib/Cake/Routing/Dispatcher.php(160): Dispatcher->_invoke(Object(SectionsController), Object(CakeRequest), Object(CakeResponse))
#4 /opt/anvil/app/webroot/index.php(108): Dispatcher->dispatch(Object(CakeRequest), Object(CakeResponse))
#5 {main}
2013-11-30 18:02:46 Error: [MissingViewException] View file "/opt/anvil/app/View/Sections/xml/index.ctp" is missing.
Exception Attributes: array (
  'file' => '/opt/anvil/app/View/Sections/xml/index.ctp',
)
Request URL: /sections.xml
Stack Trace:
#0 /opt/anvil/lib/Cake/View/XmlView.php(103): View->_getViewFileName(NULL)
#1 /opt/anvil/lib/Cake/Controller/Controller.php(952): XmlView->render(NULL, NULL)
#2 /opt/anvil/lib/Cake/Routing/Dispatcher.php(192): Controller->render()
#3 /opt/anvil/lib/Cake/Routing/Dispatcher.php(160): Dispatcher->_invoke(Object(SectionsController), Object(CakeRequest), Object(CakeResponse))
#4 /opt/anvil/app/webroot/index.php(108): Dispatcher->dispatch(Object(CakeRequest), Object(CakeResponse))
#5 {main}
2013-11-30 18:02:47 Error: [MissingViewException] View file "/opt/anvil/app/View/Sections/xml/index.ctp" is missing.
Exception Attributes: array (
  'file' => '/opt/anvil/app/View/Sections/xml/index.ctp',
)
Request URL: /sections.xml
Stack Trace:
#0 /opt/anvil/lib/Cake/View/XmlView.php(103): View->_getViewFileName(NULL)
#1 /opt/anvil/lib/Cake/Controller/Controller.php(952): XmlView->render(NULL, NULL)
#2 /opt/anvil/lib/Cake/Routing/Dispatcher.php(192): Controller->render()
#3 /opt/anvil/lib/Cake/Routing/Dispatcher.php(160): Dispatcher->_invoke(Object(SectionsController), Object(CakeRequest), Object(CakeResponse))
#4 /opt/anvil/app/webroot/index.php(108): Dispatcher->dispatch(Object(CakeRequest), Object(CakeResponse))
#5 {main}
2013-11-30 18:02:48 Error: [MissingViewException] View file "/opt/anvil/app/View/Sections/xml/index.ctp" is missing.
Exception Attributes: array (
  'file' => '/opt/anvil/app/View/Sections/xml/index.ctp',
)
Request URL: /sections.xml
Stack Trace:
#0 /opt/anvil/lib/Cake/View/XmlView.php(103): View->_getViewFileName(NULL)
#1 /opt/anvil/lib/Cake/Controller/Controller.php(952): XmlView->render(NULL, NULL)
#2 /opt/anvil/lib/Cake/Routing/Dispatcher.php(192): Controller->render()
#3 /opt/anvil/lib/Cake/Routing/Dispatcher.php(160): Dispatcher->_invoke(Object(SectionsController), Object(CakeRequest), Object(CakeResponse))
#4 /opt/anvil/app/webroot/index.php(108): Dispatcher->dispatch(Object(CakeRequest), Object(CakeResponse))
#5 {main}
2013-11-30 18:02:49 Error: [MissingViewException] View file "/opt/anvil/app/View/Sections/xml/index.ctp" is missing.
Exception Attributes: array (
  'file' => '/opt/anvil/app/View/Sections/xml/index.ctp',
)
Request URL: /sections.xml
Stack Trace:
#0 /opt/anvil/lib/Cake/View/XmlView.php(103): View->_getViewFileName(NULL)
#1 /opt/anvil/lib/Cake/Controller/Controller.php(952): XmlView->render(NULL, NULL)
#2 /opt/anvil/lib/Cake/Routing/Dispatcher.php(192): Controller->render()
#3 /opt/anvil/lib/Cake/Routing/Dispatcher.php(160): Dispatcher->_invoke(Object(SectionsController), Object(CakeRequest), Object(CakeResponse))
#4 /opt/anvil/app/webroot/index.php(108): Dispatcher->dispatch(Object(CakeRequest), Object(CakeResponse))
#5 {main}
2013-12-01 02:07:18 Error: [MissingControllerException] Controller class CoursesusersController could not be found.
Exception Attributes: array (
  'class' => 'CoursesusersController',
  'plugin' => NULL,
)
Request URL: /coursesusers.json
Stack Trace:
#0 /opt/anvil/app/webroot/index.php(108): Dispatcher->dispatch(Object(CakeRequest), Object(CakeResponse))
#1 {main}
2013-12-01 02:09:22 Error: [MissingControllerException] Controller class CouresUsersController could not be found.
Exception Attributes: array (
  'class' => 'CouresUsersController',
  'plugin' => NULL,
)
Request URL: /coures_users.json
Stack Trace:
#0 /opt/anvil/app/webroot/index.php(108): Dispatcher->dispatch(Object(CakeRequest), Object(CakeResponse))
#1 {main}
2013-12-01 02:11:01 Error: [NotFoundException] Invalid Grade
Request URL: /admin/grades/edit
Stack Trace:
#0 /opt/anvil/lib/Cake/Controller/Scaffold.php(395): Scaffold->_scaffoldSave(Object(CakeRequest), 'edit')
#1 /opt/anvil/lib/Cake/Controller/Scaffold.php(151): Scaffold->_scaffold(Object(CakeRequest))
#2 /opt/anvil/lib/Cake/Controller/Controller.php(535): Scaffold->__construct(Object(GradesController), Object(CakeRequest))
#3 /opt/anvil/lib/Cake/Controller/Controller.php(494): Controller->_getScaffold(Object(CakeRequest))
#4 /opt/anvil/lib/Cake/Routing/Dispatcher.php(185): Controller->invokeAction(Object(CakeRequest))
#5 /opt/anvil/lib/Cake/Routing/Dispatcher.php(160): Dispatcher->_invoke(Object(GradesController), Object(CakeRequest), Object(CakeResponse))
#6 /opt/anvil/app/webroot/index.php(108): Dispatcher->dispatch(Object(CakeRequest), Object(CakeResponse))
#7 {main}
2013-12-01 02:12:57 Error: [NotFoundException] Invalid Grade
Request URL: /admin/grades/edit
Stack Trace:
#0 /opt/anvil/lib/Cake/Controller/Scaffold.php(395): Scaffold->_scaffoldSave(Object(CakeRequest), 'edit')
#1 /opt/anvil/lib/Cake/Controller/Scaffold.php(151): Scaffold->_scaffold(Object(CakeRequest))
#2 /opt/anvil/lib/Cake/Controller/Controller.php(535): Scaffold->__construct(Object(GradesController), Object(CakeRequest))
#3 /opt/anvil/lib/Cake/Controller/Controller.php(494): Controller->_getScaffold(Object(CakeRequest))
#4 /opt/anvil/lib/Cake/Routing/Dispatcher.php(185): Controller->invokeAction(Object(CakeRequest))
#5 /opt/anvil/lib/Cake/Routing/Dispatcher.php(160): Dispatcher->_invoke(Object(GradesController), Object(CakeRequest), Object(CakeResponse))
#6 /opt/anvil/app/webroot/index.php(108): Dispatcher->dispatch(Object(CakeRequest), Object(CakeResponse))
#7 {main}
